	Exporter version: 3.0.6, Blender version: 2.76 (sub 0)
========= Conversion from Blender to Babylon.js =========
	Python World class constructor completed
	processing begun of mesh:  grass02
		processing begun of Standard material:  ac3dmat1
		Diffuse texture found
			Image texture found, type:  diffuseTexture, mapped using: "UVMap"
	Error encountered processing image file:  , Error:  '/home/user/dev/tao1/libs/game/static/g1/grass02.png' and '/home/user/dev/tao1/libs/game/static/g1/grass02.png' are the same file
		num positions      :  8
		num normals        :  8
		num uvs            :  16
		num uvs2           :  0
		num colors         :  0
		num indices        :  12
	processing begun of camera (FreeCamera):  Camera
	processing begun of light (POINT):  Lamp
========= Writing of scene file started =========
========= Writing of scene file completed =========
========= end of processing =========
elapsed time:  0 min, 0.004 secs
