	Exporter version: 3.0.6, Blender version: 2.76 (sub 0)
========= Conversion from Blender to Babylon.js =========
	Python World class constructor completed
	processing begun of mesh:  Main_Barre
		processing begun of Standard material:  Material #25
		Diffuse texture found
			Image texture found, type:  diffuseTexture, mapped using: "UVMap"
		processing begun of Standard material:  Material #26
		Diffuse texture found
			Image texture found, type:  diffuseTexture, mapped using: "UVMap"
		processing begun of Standard material:  Material #28
		processing begun of Standard material:  Material #27
		processing begun of multimaterial:  untitled1.Multimaterial#0
		num positions      :  17122
		num normals        :  17122
		num uvs            :  34244
		num uvs2           :  0
		num colors         :  0
		num indices        :  41484
	processing begun of camera (FreeCamera):  Camera
	processing begun of light (POINT):  Lamp
========= Writing of scene file started =========
========= Writing of scene file completed =========
========= end of processing =========
elapsed time:  0 min, 0.8809 secs
